<?xml version="1.0" encoding="UTF-8"?>
<testsuite xmlns:xsi="http://www.w3.org/2001/XMLSchema-instance" xsi:noNamespaceSchemaLocation="https://maven.apache.org/surefire/maven-surefire-plugin/xsd/surefire-test-report-3.0.xsd" version="3.0" name="com.jensen.TestSuite" time="1.066" tests="7" errors="0" skipped="0" failures="0">
  <properties>
[...]
</properties>
  <testcase name="outputTestAdder()" classname="CalculatorTest" time="0.108">
    <system-err><![CDATA[SLF4J: Failed to load class "org.slf4j.impl.StaticLoggerBinder".
SLF4J: Defaulting to no-operation (NOP) logger implementation
SLF4J: See http://www.slf4j.org/codes.html#StaticLoggerBinder for further details.
]]></system-err>
  </testcase>
  <testcase name="outputTestSubtract()" classname="CalculatorTest" time="0.002"/>
  <testcase name="testAll()" classname="CupTest" time="0.01"/>
  <testcase name="testGetPercentFull()" classname="CupTest" time="0.002"/>
  <testcase name="testGetLiquidType()" classname="CupTest" time="0.002"/>
  <testcase name="testSetLiquidType()" classname="CupTest" time="0.002"/>
  <testcase name="testSetPercentFull()" classname="CupTest" time="0.003"/>
</testsuite>